<?xml version="1.0" encoding="UTF-8"?>
<testng-results ignored="0" total="1" passed="1" failed="0" skipped="0">
  <reporter-output>
    <line>
      <![CDATA[No of rows::10]]>
    </line>
    <line>
      <![CDATA[Employee creation success::16372    16372]]>
    </line>
    <line>
      <![CDATA[Employee creation success::16373    16373]]>
    </line>
    <line>
      <![CDATA[Employee creation success::16374    16374]]>
    </line>
    <line>
      <![CDATA[Employee creation success::16375    16375]]>
    </line>
    <line>
      <![CDATA[Employee creation success::16376    16376]]>
    </line>
    <line>
      <![CDATA[Employee creation success::16377    16377]]>
    </line>
    <line>
      <![CDATA[Employee creation success::16378    16378]]>
    </line>
    <line>
      <![CDATA[Employee creation success::16379    16379]]>
    </line>
    <line>
      <![CDATA[Employee creation success::16380    16380]]>
    </line>
    <line>
      <![CDATA[Employee creation success::16381    16381]]>
    </line>
  </reporter-output>
  <suite started-at="2022-10-18T14:56:21 IST" name="Default suite" finished-at="2022-10-18T14:58:10 IST" duration-ms="109078">
    <groups>
    </groups>
    <test started-at="2022-10-18T14:56:21 IST" name="Default test" finished-at="2022-10-18T14:58:10 IST" duration-ms="109078">
      <class name="driverfactory.DriverScriptPOM">
        <test-method is-config="true" signature="adminLogin()[pri:0, instance:driverfactory.DriverScriptPOM@53045c6c]" started-at="2022-10-18T14:56:21 IST" name="adminLogin" finished-at="2022-10-18T14:56:40 IST" duration-ms="19176" status="PASS">
          <reporter-output>
          </reporter-output>
        </test-method> <!-- adminLogin -->
        <test-method signature="startTest()[pri:0, instance:driverfactory.DriverScriptPOM@53045c6c]" started-at="2022-10-18T14:56:40 IST" name="startTest" finished-at="2022-10-18T14:57:57 IST" duration-ms="77231" status="PASS">
          <reporter-output>
            <line>
              <![CDATA[No of rows::10]]>
            </line>
            <line>
              <![CDATA[Employee creation success::16372    16372]]>
            </line>
            <line>
              <![CDATA[Employee creation success::16373    16373]]>
            </line>
            <line>
              <![CDATA[Employee creation success::16374    16374]]>
            </line>
            <line>
              <![CDATA[Employee creation success::16375    16375]]>
            </line>
            <line>
              <![CDATA[Employee creation success::16376    16376]]>
            </line>
            <line>
              <![CDATA[Employee creation success::16377    16377]]>
            </line>
            <line>
              <![CDATA[Employee creation success::16378    16378]]>
            </line>
            <line>
              <![CDATA[Employee creation success::16379    16379]]>
            </line>
            <line>
              <![CDATA[Employee creation success::16380    16380]]>
            </line>
            <line>
              <![CDATA[Employee creation success::16381    16381]]>
            </line>
          </reporter-output>
        </test-method> <!-- startTest -->
        <test-method is-config="true" signature="tearDown()[pri:0, instance:driverfactory.DriverScriptPOM@53045c6c]" started-at="2022-10-18T14:57:57 IST" name="tearDown" finished-at="2022-10-18T14:58:10 IST" duration-ms="12590" status="FAIL">
          <exception class="org.openqa.selenium.WebDriverException">
            <message>
              <![CDATA[chrome not reachable
  (Session info: chrome=106.0.5249.119)
Build info: version: '3.14.0', revision: 'aacccce0', time: '2018-08-02T20:13:22.693Z'
System info: host: 'DESKTOP-10G9ACR', ip: '192.168.56.1', os.name: 'Windows 10', os.arch: 'amd64', os.version: '10.0', java.version: '17.0.3'
Driver info: org.openqa.selenium.chrome.ChromeDriver
Capabilities {acceptInsecureCerts: false, browserName: chrome, browserVersion: 106.0.5249.119, chrome: {chromedriverVersion: 105.0.5195.52 (412c95e51883..., userDataDir: C:\Users\WIN10~1\AppData\Lo...}, goog:chromeOptions: {debuggerAddress: localhost:54700}, javascriptEnabled: true, networkConnectionEnabled: false, pageLoadStrategy: normal, platform: WINDOWS, platformName: WINDOWS, proxy: Proxy(), setWindowRect: true, strictFileInteractability: false, timeouts: {implicit: 0, pageLoad: 300000, script: 30000}, unhandledPromptBehavior: dismiss and notify, webauthn:extension:credBlob: true, webauthn:extension:largeBlob: true, webauthn:virtualAuthenticators: true}
Session ID: 2193128aacf4f5e510cb9382f1b3030c
*** Element info: {Using=xpath, value=//a[contains(text(),'Logout')]}]]>
            </message>
            <full-stacktrace>
              <![CDATA[org.openqa.selenium.WebDriverException: chrome not reachable
  (Session info: chrome=106.0.5249.119)
Build info: version: '3.14.0', revision: 'aacccce0', time: '2018-08-02T20:13:22.693Z'
System info: host: 'DESKTOP-10G9ACR', ip: '192.168.56.1', os.name: 'Windows 10', os.arch: 'amd64', os.version: '10.0', java.version: '17.0.3'
Driver info: org.openqa.selenium.chrome.ChromeDriver
Capabilities {acceptInsecureCerts: false, browserName: chrome, browserVersion: 106.0.5249.119, chrome: {chromedriverVersion: 105.0.5195.52 (412c95e51883..., userDataDir: C:\Users\WIN10~1\AppData\Lo...}, goog:chromeOptions: {debuggerAddress: localhost:54700}, javascriptEnabled: true, networkConnectionEnabled: false, pageLoadStrategy: normal, platform: WINDOWS, platformName: WINDOWS, proxy: Proxy(), setWindowRect: true, strictFileInteractability: false, timeouts: {implicit: 0, pageLoad: 300000, script: 30000}, unhandledPromptBehavior: dismiss and notify, webauthn:extension:credBlob: true, webauthn:extension:largeBlob: true, webauthn:virtualAuthenticators: true}
Session ID: 2193128aacf4f5e510cb9382f1b3030c
*** Element info: {Using=xpath, value=//a[contains(text(),'Logout')]}
at java.base/jdk.internal.reflect.NativeConstructorAccessorImpl.newInstance0(Native Method)
at java.base/jdk.internal.reflect.NativeConstructorAccessorImpl.newInstance(NativeConstructorAccessorImpl.java:77)
at java.base/jdk.internal.reflect.DelegatingConstructorAccessorImpl.newInstance(DelegatingConstructorAccessorImpl.java:45)
at java.base/java.lang.reflect.Constructor.newInstanceWithCaller(Constructor.java:499)
at java.base/java.lang.reflect.Constructor.newInstance(Constructor.java:480)
at org.openqa.selenium.remote.http.W3CHttpResponseCodec.createException(W3CHttpResponseCodec.java:187)
at org.openqa.selenium.remote.http.W3CHttpResponseCodec.decode(W3CHttpResponseCodec.java:122)
at org.openqa.selenium.remote.http.W3CHttpResponseCodec.decode(W3CHttpResponseCodec.java:49)
at org.openqa.selenium.remote.HttpCommandExecutor.execute(HttpCommandExecutor.java:158)
at org.openqa.selenium.remote.service.DriverCommandExecutor.execute(DriverCommandExecutor.java:83)
at org.openqa.selenium.remote.RemoteWebDriver.execute(RemoteWebDriver.java:548)
at org.openqa.selenium.remote.RemoteWebDriver.findElement(RemoteWebDriver.java:322)
at org.openqa.selenium.remote.RemoteWebDriver.findElementByXPath(RemoteWebDriver.java:424)
at org.openqa.selenium.By$ByXPath.findElement(By.java:353)
at org.openqa.selenium.remote.RemoteWebDriver.findElement(RemoteWebDriver.java:314)
at org.openqa.selenium.support.pagefactory.DefaultElementLocator.findElement(DefaultElementLocator.java:69)
at org.openqa.selenium.support.pagefactory.internal.LocatingElementHandler.invoke(LocatingElementHandler.java:38)
at jdk.proxy2/jdk.proxy2.$Proxy12.click(Unknown Source)
at commonfunctions.LogoutPage.verifyLogout(LogoutPage.java:16)
at driverfactory.DriverScriptPOM.tearDown(DriverScriptPOM.java:59)
at java.base/jdk.internal.reflect.NativeMethodAccessorImpl.invoke0(Native Method)
at java.base/jdk.internal.reflect.NativeMethodAccessorImpl.invoke(NativeMethodAccessorImpl.java:77)
at java.base/jdk.internal.reflect.DelegatingMethodAccessorImpl.invoke(DelegatingMethodAccessorImpl.java:43)
at java.base/java.lang.reflect.Method.invoke(Method.java:568)
at org.testng.internal.MethodInvocationHelper.invokeMethod(MethodInvocationHelper.java:133)
at org.testng.internal.MethodInvocationHelper.invokeMethodConsideringTimeout(MethodInvocationHelper.java:62)
at org.testng.internal.ConfigInvoker.invokeConfigurationMethod(ConfigInvoker.java:385)
at org.testng.internal.ConfigInvoker.invokeConfigurations(ConfigInvoker.java:321)
at org.testng.TestRunner.invokeTestConfigurations(TestRunner.java:637)
at org.testng.TestRunner.afterRun(TestRunner.java:877)
at org.testng.TestRunner.run(TestRunner.java:599)
at org.testng.SuiteRunner.runTest(SuiteRunner.java:377)
at org.testng.SuiteRunner.runSequentially(SuiteRunner.java:371)
at org.testng.SuiteRunner.privateRun(SuiteRunner.java:332)
at org.testng.SuiteRunner.run(SuiteRunner.java:276)
at org.testng.SuiteRunnerWorker.runSuite(SuiteRunnerWorker.java:53)
at org.testng.SuiteRunnerWorker.run(SuiteRunnerWorker.java:96)
at org.testng.TestNG.runSuitesSequentially(TestNG.java:1212)
at org.testng.TestNG.runSuitesLocally(TestNG.java:1134)
at org.testng.TestNG.runSuites(TestNG.java:1063)
at org.testng.TestNG.run(TestNG.java:1031)
at org.testng.remote.AbstractRemoteTestNG.run(AbstractRemoteTestNG.java:115)
at org.testng.remote.RemoteTestNG.initAndRun(RemoteTestNG.java:251)
at org.testng.remote.RemoteTestNG.main(RemoteTestNG.java:77)
]]>
            </full-stacktrace>
          </exception> <!-- org.openqa.selenium.WebDriverException -->
          <reporter-output>
          </reporter-output>
        </test-method> <!-- tearDown -->
      </class> <!-- driverfactory.DriverScriptPOM -->
    </test> <!-- Default test -->
  </suite> <!-- Default suite -->
</testng-results>
